
2024-11-05 20:51:34,948 - INFO - System Information:
------------------------------------------------------------------------------------------

2024-11-05 20:51:34,957 - INFO - Platform: macOS-14.4-arm64-arm-64bit
------------------------------------------------------------------------------------------

2024-11-05 20:51:34,957 - INFO - Processor: arm
------------------------------------------------------------------------------------------

2024-11-05 20:51:34,957 - INFO - Python Version: 3.11.10
------------------------------------------------------------------------------------------

2024-11-05 20:51:34,957 - INFO - Machine: arm64
------------------------------------------------------------------------------------------

2024-11-05 20:51:34,957 - INFO - Node: samanehs-MBP
------------------------------------------------------------------------------------------

2024-11-05 20:51:34,957 - INFO - System: Darwin
------------------------------------------------------------------------------------------

2024-11-05 20:51:34,957 - INFO - Version: Darwin Kernel Version 23.4.0: Wed Feb 21 21:44:54 PST 2024; root:xnu-10063.101.15~2/RELEASE_ARM64_T6030
------------------------------------------------------------------------------------------

2024-11-05 20:51:34,957 - INFO - Starting the time series modeling process
------------------------------------------------------------------------------------------

2024-11-05 20:51:34,957 - INFO - Loading CSV data from /Users/samaneh/Desktop/abolfazl/pythonProject/data_xauusd_short.csv
------------------------------------------------------------------------------------------

2024-11-05 20:51:34,962 - INFO - Imputing missing values using method: knn
------------------------------------------------------------------------------------------

2024-11-05 20:51:34,962 - INFO - Computing first-order difference of the data
------------------------------------------------------------------------------------------

2024-11-05 20:51:51,113 - INFO - Normalizing data using method: standard
------------------------------------------------------------------------------------------

2024-11-05 20:51:51,113 - INFO - Creating windows for the model
------------------------------------------------------------------------------------------

2024-11-05 20:51:53,020 - INFO - Building Enhanced Hybrid CNN-Attention model
------------------------------------------------------------------------------------------

2024-11-05 20:51:53,185 - INFO - Splitting data using method: sectional
------------------------------------------------------------------------------------------

2024-11-05 20:51:53,185 - INFO - Plotting train-test split
------------------------------------------------------------------------------------------

2024-11-05 20:52:13,835 - INFO - Training model with full data loaded into memory
------------------------------------------------------------------------------------------

2024-11-05 20:52:20,202 - INFO - Plotting training history for model: Full_Data_Model
------------------------------------------------------------------------------------------
